Running: fuse.exe -relaunch -intstyle "ise" -incremental -lib "secureip" -o "D:/final project/SDRAM/test4_MainCode_isim_beh.exe" -prj "D:/final project/SDRAM/test4_MainCode_beh.prj" "work.test4_MainCode" 
ISim P.20131013 (signature 0x7708f090)
Number of CPUs detected in this system: 4
Turning on mult-threading, number of parallel sub-compilation jobs: 8 
Determining compilation order of HDL files
Parsing VHDL file "D:/final project/SDRAM/Write_to_FT245.vhd" into library work
Parsing VHDL file "D:/final project/SDRAM/CONTROLLER_SDRAM.vhd" into library work
Parsing VHDL file "D:/final project/SDRAM/Main_Code.vhd" into library work
Parsing VHDL file "D:/final project/SDRAM/test4_MainCode.vhd" into library work
Starting static elaboration
Completed static elaboration
Compiling package standard
Compiling package std_logic_1164
Compiling package std_logic_arith
Compiling package std_logic_unsigned
Compiling package numeric_std
Compiling package math_real
Compiling architecture rtl of entity CONTROLLER_SDRAM [controller_sdram_default]
Compiling architecture behavioral of entity Write_to_FT245 [write_to_ft245_default]
Compiling architecture behavioral of entity Main_Code [main_code_default]
Compiling architecture behavior of entity test4_maincode
Time Resolution for simulation is 1ps.
Waiting for 1 sub-compilation(s) to finish...
WARNING:Simulator - Unable to copy libPortabilityNOSH.dll to the simulation executable directory: boost::filesystem::copy_file: The system cannot find the path specified, "isim\test4_MainCode_isim_beh.exe.sim\libPortability.dll".
Compiled 13 VHDL Units
Built simulation executable D:/final project/SDRAM/test4_MainCode_isim_beh.exe
Fuse Memory Usage: 35756 KB
Fuse CPU Usage: 889 ms
