ISim log file
Running: D:\final project\SDRAM\test4_MainCode_isim_beh.exe -intstyle ise -gui -tclbatch isim.cmd -wdb D:/final project/SDRAM/test4_MainCode_isim_beh.wdb 
ISim P.20131013 (signature 0x7708f090)
This is a Full version of ISim.
Time resolution is 1 ps
# onerror resume
# wave add /
# run 1000 ns
Simulator is doing circuit initialization process.
Finished circuit initialization process.
# restart
# run 1.00us
Simulator is doing circuit initialization process.
Finished circuit initialization process.
# restart
# run 1.00us
Simulator is doing circuit initialization process.
Finished circuit initialization process.
ISim P.20131013 (signature 0x7708f090)
This is a Full version of ISim.
# run 1000 ns
Simulator is doing circuit initialization process.
Finished circuit initialization process.
# run 10.00us
# restart
ISim P.20131013 (signature 0x7708f090)
This is a Full version of ISim.
ERROR: Resolution function required for the Net /test4_maincode/uut/refresh_60ms driven by:
/test4_maincode/uut//Main_Code.vhd:195
/test4_maincode/uut//Main_Code.vhd:209
ISim P.20131013 (signature 0x7708f090)
This is a Full version of ISim.
ERROR: Resolution function required for the Net /test4_maincode/uut/refresh_60ms driven by:
/test4_maincode/uut//Main_Code.vhd:195
/test4_maincode/uut//Main_Code.vhd:209
ISim P.20131013 (signature 0x7708f090)
This is a Full version of ISim.
# run 1000 ns
Simulator is doing circuit initialization process.
Finished circuit initialization process.
# run 70.00us
ISim P.20131013 (signature 0x7708f090)
This is a Full version of ISim.
# run 1000 ns
Simulator is doing circuit initialization process.
Finished circuit initialization process.
# run 70.00us
ISim P.20131013 (signature 0x7708f090)
This is a Full version of ISim.
# run 1000 ns
Simulator is doing circuit initialization process.
Finished circuit initialization process.
# run 20.00us
# restart
# run 20.00us
Simulator is doing circuit initialization process.
Finished circuit initialization process.
# restart
# run 20.00us
Simulator is doing circuit initialization process.
Finished circuit initialization process.
# restart
# run 20.00us
Simulator is doing circuit initialization process.
Finished circuit initialization process.
